<?xml version="1.0" encoding="UTF-8"?>
<testng-results skipped="0" failed="0" total="2" passed="2">
  <reporter-output>
  </reporter-output>
  <suite name="Default suite" duration-ms="68426" started-at="2016-09-21T13:39:30Z" finished-at="2016-09-21T13:40:39Z">
    <groups>
    </groups>
    <test name="Default test" duration-ms="68426" started-at="2016-09-21T13:39:30Z" finished-at="2016-09-21T13:40:39Z">
      <class name="ru.emoskva.selenium.Mysel1.TestNG">
        <test-method status="PASS" signature="beforeMethod()[pri:0, instance:ru.emoskva.selenium.Mysel1.TestNG@a3ffec]" name="beforeMethod" is-config="true" duration-ms="17806" started-at="2016-09-21T16:39:45Z" finished-at="2016-09-21T16:40:03Z">
          <reporter-output>
          </reporter-output>
        </test-method> <!-- beforeMethod -->
        <test-method status="PASS" signature="main()[pri:0, instance:ru.emoskva.selenium.Mysel1.TestNG@a3ffec]" name="main" duration-ms="32918" started-at="2016-09-21T16:40:03Z" finished-at="2016-09-21T16:40:36Z">
          <reporter-output>
          </reporter-output>
        </test-method> <!-- main -->
        <test-method status="PASS" signature="afterMethod()[pri:0, instance:ru.emoskva.selenium.Mysel1.TestNG@a3ffec]" name="afterMethod" is-config="true" duration-ms="2453" started-at="2016-09-21T16:40:36Z" finished-at="2016-09-21T16:40:39Z">
          <reporter-output>
          </reporter-output>
        </test-method> <!-- afterMethod -->
      </class> <!-- ru.emoskva.selenium.Mysel1.TestNG -->
      <class name="ru.emoskva.selenium.Mysel1.SampleTestNgTest">
        <test-method status="PASS" signature="initTestSuite()[pri:0, instance:ru.emoskva.selenium.Mysel1.SampleTestNgTest@6fa38a]" name="initTestSuite" is-config="true" duration-ms="171" started-at="2016-09-21T16:39:30Z" finished-at="2016-09-21T16:39:30Z">
          <reporter-output>
          </reporter-output>
        </test-method> <!-- initTestSuite -->
        <test-method status="PASS" signature="initWebDriver()[pri:0, instance:ru.emoskva.selenium.Mysel1.SampleTestNgTest@6fa38a]" name="initWebDriver" is-config="true" duration-ms="12003" started-at="2016-09-21T16:39:30Z" finished-at="2016-09-21T16:39:42Z">
          <reporter-output>
          </reporter-output>
        </test-method> <!-- initWebDriver -->
        <test-method status="PASS" signature="initPageObjects()[pri:0, instance:ru.emoskva.selenium.Mysel1.SampleTestNgTest@6fa38a]" name="initPageObjects" is-config="true" duration-ms="117" started-at="2016-09-21T16:39:42Z" finished-at="2016-09-21T16:39:42Z">
          <reporter-output>
          </reporter-output>
        </test-method> <!-- initPageObjects -->
        <test-method status="PASS" signature="testHomePageHasAHeader()[pri:0, instance:ru.emoskva.selenium.Mysel1.SampleTestNgTest@6fa38a]" name="testHomePageHasAHeader" duration-ms="3070" started-at="2016-09-21T16:39:42Z" finished-at="2016-09-21T16:39:45Z">
          <reporter-output>
          </reporter-output>
        </test-method> <!-- testHomePageHasAHeader -->
        <test-method status="PASS" signature="tearDown()[pri:0, instance:ru.emoskva.selenium.Mysel1.SampleTestNgTest@6fa38a]" name="tearDown" is-config="true" duration-ms="808" started-at="2016-09-21T16:40:39Z" finished-at="2016-09-21T16:40:40Z">
          <reporter-output>
          </reporter-output>
        </test-method> <!-- tearDown -->
      </class> <!-- ru.emoskva.selenium.Mysel1.SampleTestNgTest -->
    </test> <!-- Default test -->
  </suite> <!-- Default suite -->
</testng-results>
